#-----------------------------------------------------------
# PlanAhead v14.2 (64-bit)
# Build 194362 by xbuild on Fri Jul 20 18:52:11 MDT 2012
# Start of session at: Wed Mar 23 16:45:15 2016
# Process ID: 80592
# Log file: C:/Users/Martin/Documents/Archieve/Working/dianexp/uu/experi/clock/planAhead_run_3/planAhead.log
# Journal file: C:/Users/Martin/Documents/Archieve/Working/dianexp/uu/experi/clock/planAhead_run_3/planAhead.jou
#-----------------------------------------------------------
INFO: [Common 17-78] Attempting to get a license: PlanAhead
INFO: [Common 17-290] Got license for PlanAhead
INFO: [Common 17-86] Your PlanAhead license expires in -357 day(s)
INFO: [Device 21-36] Loading parts and site information from C:/Xilinx/14.2/ISE_DS/PlanAhead/data/parts/arch.xml
Parsing RTL primitives file [C:/Xilinx/14.2/ISE_DS/PlanAhead/data/parts/xilinx/rtl/prims/rtl_prims.xml]
Finished parsing RTL primitives file [C:/Xilinx/14.2/ISE_DS/PlanAhead/data/parts/xilinx/rtl/prims/rtl_prims.xml]
start_gui
source C:/Users/Martin/Documents/Archieve/Working/dianexp/uu/experi/clock/pa.fromHdl.tcl
# create_project -name clock -dir "C:/Users/Martin/Documents/Archieve/Working/dianexp/uu/experi/clock/planAhead_run_3" -part xc3s100ecp132-5
ERROR: [Common 17-53] User Exception: Project already exists on disk, please use '-force' option to overwrite: 
     C:/Users/Martin/Documents/Archieve/Working/dianexp/uu/experi/clock/planAhead_run_3/clock.ppr
     C:/Users/Martin/Documents/Archieve/Working/dianexp/uu/experi/clock/planAhead_run_3/clock.data
exit
INFO: [Common 17-206] Exiting PlanAhead...
INFO: [Common 17-83] Releasing license: PlanAhead
